2016-01-29 14:42:32,157 INFO  [org.alfresco.repo.security.sync.ChainingUserRegistrySynchronizer] [localhost-startStop-1] Retrieving groups changed since 29/01/2016 12:04:18 PM from user registry 'ldap1'
2016-01-29 14:42:32,382 WARN  [org.alfresco.repo.security.sync.ldap.LDAPUserRegistry] [localhost-startStop-1] Failed to resolve member of group 'WAM-GM-Inmagic' with distinguished name: CN=Fiona Elsing,OU=WAM,OU=DCADisabledAccounts,DC=dca,DC=wa,DC=gov,DC=au
2016-01-29 14:42:32,640 WARN  [org.alfresco.repo.security.sync.ldap.LDAPUserRegistry] [localhost-startStop-1] Failed to resolve member of group 'WAM-GM-OOC-Strategic Planning and Policy Development' with distinguished name: CN=Fiona Elsing,OU=WAM,OU=DCADisabledAccounts,DC=dca,DC=wa,DC=gov,DC=au
2016-01-29 14:42:32,658 WARN  [org.alfresco.repo.security.sync.ldap.LDAPUserRegistry] [localhost-startStop-1] Failed to resolve member of group 'WAM-GM-OOC-Strategic Planning and Policy Development' with distinguished name: CN=Jordan Rechichi,OU=WAM,OU=DCADisabledAccounts,DC=dca,DC=wa,DC=gov,DC=au
2016-01-29 14:42:32,754 WARN  [org.alfresco.repo.security.sync.ldap.LDAPUserRegistry] [localhost-startStop-1] Failed to resolve member of group 'WAM-GM-OOC-Media relations' with distinguished name: CN=Laura Zimbulis,OU=WAM,OU=DCADisabledAccounts,DC=dca,DC=wa,DC=gov,DC=au
2016-01-29 14:42:32,757 WARN  [org.alfresco.repo.security.sync.ldap.LDAPUserRegistry] [localhost-startStop-1] Failed to resolve member of group 'WAM-GM-OOC-Media relations' with distinguished name: CN=Morgan Strong,OU=WAM,OU=DCADisabledAccounts,DC=dca,DC=wa,DC=gov,DC=au
2016-01-29 14:42:32,772 WARN  [org.alfresco.repo.security.sync.ldap.LDAPUserRegistry] [localhost-startStop-1] Failed to resolve member of group 'WAM-GM-OOC-Media relations' with distinguished name: CN=Marie Ricci,OU=WAM,OU=DCADisabledAccounts,DC=dca,DC=wa,DC=gov,DC=au
2016-01-29 14:42:32,796 WARN  [org.alfresco.repo.security.sync.ldap.LDAPUserRegistry] [localhost-startStop-1] Failed to resolve member of group 'WAM-GM-OOC-Chief Executive Officer - administration' with distinguished name: CN=Jordan Rechichi,OU=WAM,OU=DCADisabledAccounts,DC=dca,DC=wa,DC=gov,DC=au
2016-01-29 14:42:33,459 WARN  [org.alfresco.repo.security.sync.ldap.LDAPUserRegistry] [localhost-startStop-1] Failed to resolve member of group 'WAMWP-DB-Admins' with distinguished name: CN=Morgan Strong,OU=WAM,OU=DCADisabledAccounts,DC=dca,DC=wa,DC=gov,DC=au
2016-01-29 14:42:33,547 WARN  [org.alfresco.repo.security.sync.ldap.LDAPUserRegistry] [localhost-startStop-1] Failed to resolve member of group 'WAM-GM-DATAADMIN' with distinguished name: CN=Fiona Elsing,OU=WAM,OU=DCADisabledAccounts,DC=dca,DC=wa,DC=gov,DC=au
2016-01-29 14:42:33,579 WARN  [org.alfresco.repo.security.sync.ldap.LDAPUserRegistry] [localhost-startStop-1] Failed to resolve member of group 'WAM-GM-DATAADMIN' with distinguished name: CN=Gaia Resources2,OU=usersTBA,DC=dca,DC=wa,DC=gov,DC=au
2016-01-29 14:42:33,853 WARN  [org.alfresco.repo.security.sync.ldap.LDAPUserRegistry] [localhost-startStop-1] Failed to resolve member of group 'Eventpro-Users' with distinguished name: CN=Marie Ricci,OU=WAM,OU=DCADisabledAccounts,DC=dca,DC=wa,DC=gov,DC=au
2016-01-29 14:42:33,908 WARN  [org.alfresco.repo.security.sync.ldap.LDAPUserRegistry] [localhost-startStop-1] Failed to resolve member of group 'WAM-LR-AllUsersWP' with distinguished name: CN=Karina Musto,OU=WAM,OU=DCADisabledAccounts,DC=dca,DC=wa,DC=gov,DC=au
2016-01-29 14:42:33,919 WARN  [org.alfresco.repo.security.sync.ldap.LDAPUserRegistry] [localhost-startStop-1] Failed to resolve member of group 'WAM-LR-AllUsersWP' with distinguished name: CN=All at Museum,OU=WAM,OU=DistributionLists,OU=DCAGroups,DC=dca,DC=wa,DC=gov,DC=au
2016-01-29 14:42:34,226 WARN  [org.alfresco.repo.security.sync.ldap.LDAPUserRegistry] [localhost-startStop-1] Failed to resolve member of group 'WAM-LM-OOC-Facilities ManagementCM' with distinguished name: CN=Fiona Elsing,OU=WAM,OU=DCADisabledAccounts,DC=dca,DC=wa,DC=gov,DC=au
2016-01-29 14:42:34,295 WARN  [org.alfresco.repo.security.sync.ldap.LDAPUserRegistry] [localhost-startStop-1] Failed to resolve member of group 'WAM-GM-Publication' with distinguished name: CN=Jessica Scholle,OU=DCADisabledAccounts,DC=dca,DC=wa,DC=gov,DC=au
2016-01-29 14:42:34,299 WARN  [org.alfresco.repo.security.sync.ldap.LDAPUserRegistry] [localhost-startStop-1] Failed to resolve member of group 'WAM-GM-Publication' with distinguished name: CN=Karina Musto,OU=WAM,OU=DCADisabledAccounts,DC=dca,DC=wa,DC=gov,DC=au
2016-01-29 14:42:34,461 WARN  [org.alfresco.repo.security.sync.ldap.LDAPUserRegistry] [localhost-startStop-1] Failed to resolve member of group 'WAM-GM-Insects' with distinguished name: CN=Gaia Resources2,OU=usersTBA,DC=dca,DC=wa,DC=gov,DC=au
2016-01-29 14:42:34,558 WARN  [org.alfresco.repo.security.sync.ldap.LDAPUserRegistry] [localhost-startStop-1] Failed to resolve member of group 'WAM-GM-NMP-Records' with distinguished name: CN=Fiona Elsing,OU=WAM,OU=DCADisabledAccounts,DC=dca,DC=wa,DC=gov,DC=au
2016-01-29 14:42:34,559 WARN  [org.alfresco.repo.security.sync.ldap.LDAPUserRegistry] [localhost-startStop-1] Failed to resolve member of group 'WAM-GM-NMP-Records' with distinguished name: CN=NMP FolderTestuser,OU=WAM,OU=DCADisabledAccounts,DC=dca,DC=wa,DC=gov,DC=au
2016-01-29 14:42:34,931 WARN  [org.alfresco.repo.security.sync.ldap.LDAPUserRegistry] [localhost-startStop-1] Failed to resolve member of group 'WAM-GM-Arachnology' with distinguished name: CN=Basil ManganaroAdmin,OU=DCAServiceAdmin,DC=dca,DC=wa,DC=gov,DC=au
2016-01-29 14:42:34,963 WARN  [org.alfresco.repo.security.sync.ldap.LDAPUserRegistry] [localhost-startStop-1] Failed to resolve member of group 'WAM-GM-Arachnology' with distinguished name: CN=Evan Rogers Admin,OU=DCAServiceAdmin,DC=dca,DC=wa,DC=gov,DC=au
2016-01-29 14:42:35,121 WARN  [org.alfresco.repo.security.sync.ldap.LDAPUserRegistry] [localhost-startStop-1] Failed to resolve member of group 'WAM-GM-NewMuseumProject' with distinguished name: CN=Fiona Elsing,OU=WAM,OU=DCADisabledAccounts,DC=dca,DC=wa,DC=gov,DC=au
2016-01-29 14:42:35,209 WARN  [org.alfresco.repo.security.sync.ldap.LDAPUserRegistry] [localhost-startStop-1] Failed to resolve member of group 'WAM-GM-NewMuseumProject' with distinguished name: CN=Karina Musto,OU=WAM,OU=DCADisabledAccounts,DC=dca,DC=wa,DC=gov,DC=au
2016-01-29 14:42:35,273 WARN  [org.alfresco.repo.security.sync.ldap.LDAPUserRegistry] [localhost-startStop-1] Failed to resolve member of group 'WAM-GM-CO-WebServices' with distinguished name: CN=Jessica Scholle,OU=DCADisabledAccounts,DC=dca,DC=wa,DC=gov,DC=au
2016-01-29 14:42:35,273 WARN  [org.alfresco.repo.security.sync.ldap.LDAPUserRegistry] [localhost-startStop-1] Failed to resolve member of group 'WAM-GM-CO-WebServices' with distinguished name: CN=Morgan Strong,OU=WAM,OU=DCADisabledAccounts,DC=dca,DC=wa,DC=gov,DC=au
2016-01-29 14:42:35,469 WARN  [org.alfresco.repo.security.sync.ldap.LDAPUserRegistry] [localhost-startStop-1] Failed to resolve member of group 'WAM-GM-CO-Commercial Operations Directorate - Confidential' with distinguished name: CN=Morgan Strong,OU=WAM,OU=DCADisabledAccounts,DC=dca,DC=wa,DC=gov,DC=au
2016-01-29 14:42:35,696 WARN  [org.alfresco.repo.security.sync.ldap.LDAPUserRegistry] [localhost-startStop-1] Failed to resolve member of group 'WAM-GR-FinanceReports' with distinguished name: CN=Jordan Rechichi,OU=WAM,OU=DCADisabledAccounts,DC=dca,DC=wa,DC=gov,DC=au
2016-01-29 14:42:35,734 WARN  [org.alfresco.repo.security.sync.ldap.LDAPUserRegistry] [localhost-startStop-1] Failed to resolve member of group 'WAM-GR-FinanceReports' with distinguished name: CN=Morgan Strong,OU=WAM,OU=DCADisabledAccounts,DC=dca,DC=wa,DC=gov,DC=au
2016-01-29 14:42:35,920 WARN  [org.alfresco.repo.security.sync.ldap.LDAPUserRegistry] [localhost-startStop-1] Failed to resolve member of group 'WAM-GM-NewMuseumProject-Marketing' with distinguished name: CN=Fiona Elsing,OU=WAM,OU=DCADisabledAccounts,DC=dca,DC=wa,DC=gov,DC=au
2016-01-29 14:42:35,961 WARN  [org.alfresco.repo.security.sync.ldap.LDAPUserRegistry] [localhost-startStop-1] Failed to resolve member of group 'WAM-GM-Eventpro' with distinguished name: CN=Venue Hire,OU=Generic Accounts,OU=DCAResourceAccounts,DC=dca,DC=wa,DC=gov,DC=au
2016-01-29 14:42:35,961 WARN  [org.alfresco.repo.security.sync.ldap.LDAPUserRegistry] [localhost-startStop-1] Failed to resolve member of group 'WAM-GM-Eventpro' with distinguished name: CN=Marie Ricci,OU=WAM,OU=DCADisabledAccounts,DC=dca,DC=wa,DC=gov,DC=au
2016-01-29 14:42:36,029 WARN  [org.alfresco.repo.security.sync.ldap.LDAPUserRegistry] [localhost-startStop-1] Failed to resolve member of group 'Add_Maritime_file' with distinguished name: CN=Laura Zimbulis,OU=WAM,OU=DCADisabledAccounts,DC=dca,DC=wa,DC=gov,DC=au
2016-01-29 14:42:36,044 WARN  [org.alfresco.repo.security.sync.ldap.LDAPUserRegistry] [localhost-startStop-1] Failed to resolve member of group 'Add_Maritime_file' with distinguished name: CN=Marie Ricci,OU=WAM,OU=DCADisabledAccounts,DC=dca,DC=wa,DC=gov,DC=au
2016-01-29 14:42:36,055 WARN  [org.alfresco.repo.security.sync.ldap.LDAPUserRegistry] [localhost-startStop-1] Failed to resolve member of group 'Add_Perth_file' with distinguished name: CN=Fiona Elsing,OU=WAM,OU=DCADisabledAccounts,DC=dca,DC=wa,DC=gov,DC=au
2016-01-29 14:42:36,078 WARN  [org.alfresco.repo.security.sync.ldap.LDAPUserRegistry] [localhost-startStop-1] Failed to resolve member of group 'Add_Perth_file' with distinguished name: CN=Laura Zimbulis,OU=WAM,OU=DCADisabledAccounts,DC=dca,DC=wa,DC=gov,DC=au
2016-01-29 14:42:36,132 WARN  [org.alfresco.repo.security.sync.ldap.LDAPUserRegistry] [localhost-startStop-1] Failed to resolve member of group 'WAM-GM-CO-Commercial Operations Directorate' with distinguished name: CN=Jessica Scholle,OU=DCADisabledAccounts,DC=dca,DC=wa,DC=gov,DC=au
2016-01-29 14:42:36,141 WARN  [org.alfresco.repo.security.sync.ldap.LDAPUserRegistry] [localhost-startStop-1] Failed to resolve member of group 'WAM-GM-CO-Commercial Operations Directorate' with distinguished name: CN=Laura Zimbulis,OU=WAM,OU=DCADisabledAccounts,DC=dca,DC=wa,DC=gov,DC=au
2016-01-29 14:42:36,356 WARN  [org.alfresco.repo.security.sync.ldap.LDAPUserRegistry] [localhost-startStop-1] Failed to resolve member of group 'WAM-GM-CO-Marketing' with distinguished name: CN=Laura Zimbulis,OU=WAM,OU=DCADisabledAccounts,DC=dca,DC=wa,DC=gov,DC=au
2016-01-29 14:42:36,359 WARN  [org.alfresco.repo.security.sync.ldap.LDAPUserRegistry] [localhost-startStop-1] Failed to resolve member of group 'WAM-GM-CO-Marketing' with distinguished name: CN=Morgan Strong,OU=WAM,OU=DCADisabledAccounts,DC=dca,DC=wa,DC=gov,DC=au
2016-01-29 14:42:36,381 WARN  [org.alfresco.repo.security.sync.ldap.LDAPUserRegistry] [localhost-startStop-1] Failed to resolve member of group 'WAM-GM-CO-Marketing' with distinguished name: CN=Marie Ricci,OU=WAM,OU=DCADisabledAccounts,DC=dca,DC=wa,DC=gov,DC=au
2016-01-29 14:42:36,645 WARN  [org.alfresco.repo.security.sync.ldap.LDAPUserRegistry] [localhost-startStop-1] Failed to resolve member of group 'WAM-GM-EDPP-Exhibitions' with distinguished name: CN=Morgan Strong,OU=WAM,OU=DCADisabledAccounts,DC=dca,DC=wa,DC=gov,DC=au
2016-01-29 14:42:36,683 WARN  [org.alfresco.repo.security.sync.ldap.LDAPUserRegistry] [localhost-startStop-1] Failed to resolve member of group 'WAM-GM-Bookshop' with distinguished name: CN=Perth Museum Shop,OU=usersTBA,DC=dca,DC=wa,DC=gov,DC=au
2016-01-29 14:42:36,757 WARN  [org.alfresco.repo.security.sync.ldap.LDAPUserRegistry] [localhost-startStop-1] Failed to resolve member of group 'Discovery mailbox full permissions' with distinguished name: CN=Laura Zimbulis,OU=WAM,OU=DCADisabledAccounts,DC=dca,DC=wa,DC=gov,DC=au
2016-01-29 14:42:36,830 WARN  [org.alfresco.repo.security.sync.ldap.LDAPUserRegistry] [localhost-startStop-1] Failed to resolve member of group 'WAM-GM-MacAdmin' with distinguished name: CN=Jessica Scholle,OU=DCADisabledAccounts,DC=dca,DC=wa,DC=gov,DC=au
2016-01-29 14:42:36,849 WARN  [org.alfresco.repo.security.sync.ldap.LDAPUserRegistry] [localhost-startStop-1] Failed to resolve member of group 'WAM-GM-MacAdmin' with distinguished name: CN=Morgan Strong,OU=WAM,OU=DCADisabledAccounts,DC=dca,DC=wa,DC=gov,DC=au
2016-01-29 14:42:36,914 WARN  [org.alfresco.repo.security.sync.ldap.LDAPUserRegistry] [localhost-startStop-1] Failed to resolve member of group 'WAM-LM-MacAdmin' with distinguished name: CN=Dave Stewart Admin,OU=DCAServiceAdmin,DC=dca,DC=wa,DC=gov,DC=au
2016-01-29 14:42:37,227 WARN  [org.alfresco.repo.security.sync.ldap.LDAPUserRegistry] [localhost-startStop-1] Failed to resolve member of group 'Museum Vehicle Bookings editors' with distinguished name: CN=Museum Reception,OU=Generic Accounts,OU=DCAResourceAccounts,DC=dca,DC=wa,DC=gov,DC=au
2016-01-29 14:42:37,285 WARN  [org.alfresco.repo.security.sync.ldap.LDAPUserRegistry] [localhost-startStop-1] Failed to resolve member of group 'WAM-GM-EDPP' with distinguished name: CN=Karina Musto,OU=WAM,OU=DCADisabledAccounts,DC=dca,DC=wa,DC=gov,DC=au
2016-01-29 14:42:37,363 WARN  [org.alfresco.repo.security.sync.ldap.LDAPUserRegistry] [localhost-startStop-1] Failed to resolve member of group 'Add_Perth_image' with distinguished name: CN=Fiona Elsing,OU=WAM,OU=DCADisabledAccounts,DC=dca,DC=wa,DC=gov,DC=au
2016-01-29 14:42:37,880 INFO  [org.alfresco.repo.security.sync.ChainingUserRegistrySynchronizer] [localhost-startStop-1] Synchronization,Category=directory,id1=ldap1,id2=1 Group Analysis: Commencing batch of 323 entries
